<?xml version="1.0" encoding="UTF-8"?>
<!-- Generated by org.testng.reporters.JUnitXMLReporter -->
<testsuite ignored="1" hostname="LAPTOP-JNGBS137" failures="1" tests="2" name="Test" time="6.797" errors="0" timestamp="2022-12-25T22:24:21 IST">
  <testcase classname="com.Tests.Login" name="checkOrderPage" time="0.645"/>
  <testcase classname="com.Tests.ErrorValidation" name="login_test" time="0.579">
    <failure type="java.lang.AssertionError" message="expected [Incorrect email or password.] but found [Incorrect email or password]">
      <![CDATA[java.lang.AssertionError: expected [Incorrect email or password.] but found [Incorrect email or password]
at com.Tests.ErrorValidation.login_test(ErrorValidation.java:44)
at java.base/java.util.ArrayList.forEach(ArrayList.java:1511)
at java.base/java.util.concurrent.FutureTask.run(FutureTask.java:264)
at java.base/java.util.concurrent.ThreadPoolExecutor.runWorker(ThreadPoolExecutor.java:1136)
at java.base/java.util.concurrent.ThreadPoolExecutor$Worker.run(ThreadPoolExecutor.java:635)
at java.base/java.lang.Thread.run(Thread.java:833)
... Removed 24 stack frames]]>
    </failure>
  </testcase> <!-- login_test -->
  <testcase classname="com.Tests.Login" name="login_test" time="0.0">
    <ignored/>
  </testcase> <!-- login_test -->
</testsuite> <!-- Test -->
