<?xml version="1.0" encoding="UTF-8"?>
<testng-results ignored="0" total="2" passed="2" failed="0" skipped="0">
  <reporter-output>
  </reporter-output>
  <suite started-at="2023-08-18T00:38:14 GMT-05:00" name="Default suite" finished-at="2023-08-18T00:38:51 GMT-05:00" duration-ms="37477">
    <groups>
    </groups>
    <test started-at="2023-08-18T00:38:14 GMT-05:00" name="Default test" finished-at="2023-08-18T00:38:51 GMT-05:00" duration-ms="37477">
      <class name="com.Tests.Login">
        <test-method is-config="true" signature="launchApplication()[pri:0, instance:com.Tests.Login@689604d9]" started-at="2023-08-18T00:38:14 GMT-05:00" name="launchApplication" finished-at="2023-08-18T00:38:25 GMT-05:00" duration-ms="11787" status="PASS">
          <reporter-output>
          </reporter-output>
        </test-method> <!-- launchApplication -->
        <test-method signature="login_test()[pri:0, instance:com.Tests.Login@689604d9]" started-at="2023-08-18T00:38:25 GMT-05:00" name="login_test" finished-at="2023-08-18T00:38:39 GMT-05:00" duration-ms="13846" status="PASS">
          <reporter-output>
          </reporter-output>
        </test-method> <!-- login_test -->
        <test-method is-config="true" signature="tearDown()[pri:0, instance:com.Tests.Login@689604d9]" started-at="2023-08-18T00:38:39 GMT-05:00" name="tearDown" finished-at="2023-08-18T00:38:39 GMT-05:00" duration-ms="213" status="PASS">
          <reporter-output>
          </reporter-output>
        </test-method> <!-- tearDown -->
        <test-method is-config="true" signature="launchApplication()[pri:0, instance:com.Tests.Login@689604d9]" started-at="2023-08-18T00:38:39 GMT-05:00" name="launchApplication" finished-at="2023-08-18T00:38:47 GMT-05:00" duration-ms="7930" status="PASS">
          <reporter-output>
          </reporter-output>
        </test-method> <!-- launchApplication -->
        <test-method signature="checkOrderPage()[pri:0, instance:com.Tests.Login@689604d9]" started-at="2023-08-18T00:38:47 GMT-05:00" name="checkOrderPage" description="checking the order page" finished-at="2023-08-18T00:38:51 GMT-05:00" depends-on-methods="com.Tests.Login.login_test" duration-ms="3457" status="PASS">
          <reporter-output>
          </reporter-output>
        </test-method> <!-- checkOrderPage -->
        <test-method is-config="true" signature="tearDown()[pri:0, instance:com.Tests.Login@689604d9]" started-at="2023-08-18T00:38:51 GMT-05:00" name="tearDown" finished-at="2023-08-18T00:38:51 GMT-05:00" duration-ms="189" status="PASS">
          <reporter-output>
          </reporter-output>
        </test-method> <!-- tearDown -->
      </class> <!-- com.Tests.Login -->
    </test> <!-- Default test -->
  </suite> <!-- Default suite -->
</testng-results>
